# JRE version: Java(TM) SE Runtime Environment (8.0_40-b26) (build 1.8.0_40-b26)
# Java VM: Java HotSpot(TM) Server VM (25.40-b25 mixed mode linux-x86 )
Heap:
 PSYoungGen      total 215552K, used 9081K [0xd1ac0000, 0xdfa40000, 0xe7000000)
  eden space 203520K, 0% used [0xd1ac0000,0xd1ac0000,0xde180000)
  from space 12032K, 75% used [0xde180000,0xdea5e6c0,0xded40000)
  to   space 10752K, 0% used [0xded40000,0xded40000,0xdf7c0000)
 ParOldGen       total 34304K, used 29799K [0xa7000000, 0xa9180000, 0xd1ac0000)
  object space 34304K, 86% used [0xa7000000,0xa8d19f08,0xa9180000)
 Metaspace       used 5063K, capacity 5102K, committed 5144K, reserved 5424K
GC Heap History (10 events):
Event: 2,158 GC heap after
Heap after GC invocations=4 (full 0):
 PSYoungGen      total 53248K, used 2047K [0xd1ac0000, 0xd50c0000, 0xe7000000)
  eden space 51200K, 0% used [0xd1ac0000,0xd1ac0000,0xd4cc0000)
  from space 2048K, 99% used [0xd4ec0000,0xd50bfc00,0xd50c0000)
  to   space 2048K, 0% used [0xd4cc0000,0xd4cc0000,0xd4ec0000)
 ParOldGen       total 34304K, used 12699K [0xa7000000, 0xa9180000, 0xd1ac0000)
  object space 34304K, 37% used [0xa7000000,0xa7c66db8,0xa9180000)
 Metaspace       used 4956K, capacity 5036K, committed 5144K, reserved 5424K
}
Event: 2,372 GC heap before
{Heap before GC invocations=5 (full 0):
 PSYoungGen      total 53248K, used 53247K [0xd1ac0000, 0xd50c0000, 0xe7000000)
  eden space 51200K, 100% used [0xd1ac0000,0xd4cc0000,0xd4cc0000)
  from space 2048K, 99% used [0xd4ec0000,0xd50bfc00,0xd50c0000)
  to   space 2048K, 0% used [0xd4cc0000,0xd4cc0000,0xd4ec0000)
 ParOldGen       total 34304K, used 12699K [0xa7000000, 0xa9180000, 0xd1ac0000)
  object space 34304K, 37% used [0xa7000000,0xa7c66db8,0xa9180000)
 Metaspace       used 4980K, capacity 5036K, committed 5144K, reserved 5424K
Event: 2,384 GC heap after
Heap after GC invocations=5 (full 0):
 PSYoungGen      total 53248K, used 2035K [0xd1ac0000, 0xd94c0000, 0xe7000000)
  eden space 51200K, 0% used [0xd1ac0000,0xd1ac0000,0xd4cc0000)
  from space 2048K, 99% used [0xd4cc0000,0xd4ebcf48,0xd4ec0000)
  to   space 11264K, 0% used [0xd89c0000,0xd89c0000,0xd94c0000)
 ParOldGen       total 34304K, used 19784K [0xa7000000, 0xa9180000, 0xd1ac0000)
  object space 34304K, 57% used [0xa7000000,0xa8352310,0xa9180000)
 Metaspace       used 4980K, capacity 5036K, committed 5144K, reserved 5424K
}
Event: 2,573 GC heap before
{Heap before GC invocations=6 (full 0):
 PSYoungGen      total 53248K, used 53235K [0xd1ac0000, 0xd94c0000, 0xe7000000)
  eden space 51200K, 100% used [0xd1ac0000,0xd4cc0000,0xd4cc0000)
  from space 2048K, 99% used [0xd4cc0000,0xd4ebcf48,0xd4ec0000)
  to   space 11264K, 0% used [0xd89c0000,0xd89c0000,0xd94c0000)
 ParOldGen       total 34304K, used 19784K [0xa7000000, 0xa9180000, 0xd1ac0000)
  object space 34304K, 57% used [0xa7000000,0xa8352310,0xa9180000)
 Metaspace       used 5038K, capacity 5102K, committed 5144K, reserved 5424K
Event: 2,584 GC heap after
Heap after GC invocations=6 (full 0):
 PSYoungGen      total 112640K, used 6619K [0xd1ac0000, 0xd93c0000, 0xe7000000)
  eden space 102400K, 0% used [0xd1ac0000,0xd1ac0000,0xd7ec0000)
  from space 10240K, 64% used [0xd89c0000,0xd9036e98,0xd93c0000)
  to   space 10752K, 0% used [0xd7ec0000,0xd7ec0000,0xd8940000)
 ParOldGen       total 34304K, used 19784K [0xa7000000, 0xa9180000, 0xd1ac0000)
  object space 34304K, 57% used [0xa7000000,0xa8352310,0xa9180000)
 Metaspace       used 5038K, capacity 5102K, committed 5144K, reserved 5424K
}
Event: 2,996 GC heap before
{Heap before GC invocations=7 (full 0):
 PSYoungGen      total 112640K, used 109019K [0xd1ac0000, 0xd93c0000, 0xe7000000)
  eden space 102400K, 100% used [0xd1ac0000,0xd7ec0000,0xd7ec0000)
  from space 10240K, 64% used [0xd89c0000,0xd9036e98,0xd93c0000)
  to   space 10752K, 0% used [0xd7ec0000,0xd7ec0000,0xd8940000)
 ParOldGen       total 34304K, used 19784K [0xa7000000, 0xa9180000, 0xd1ac0000)
  object space 34304K, 57% used [0xa7000000,0xa8352310,0xa9180000)
 Metaspace       used 5056K, capacity 5102K, committed 5144K, reserved 5424K
Event: 3,008 GC heap after
Heap after GC invocations=7 (full 0):
 PSYoungGen      total 113152K, used 7261K [0xd1ac0000, 0xdf7c0000, 0xe7000000)
  eden space 102400K, 0% used [0xd1ac0000,0xd1ac0000,0xd7ec0000)
  from space 10752K, 67% used [0xd7ec0000,0xd85d7798,0xd8940000)
  to   space 10752K, 0% used [0xded40000,0xded40000,0xdf7c0000)
 ParOldGen       total 34304K, used 21378K [0xa7000000, 0xa9180000, 0xd1ac0000)
  object space 34304K, 62% used [0xa7000000,0xa84e08b8,0xa9180000)
 Metaspace       used 5056K, capacity 5102K, committed 5144K, reserved 5424K
}
Event: 3,321 GC heap before
{Heap before GC invocations=8 (full 0):
 PSYoungGen      total 113152K, used 109661K [0xd1ac0000, 0xdf7c0000, 0xe7000000)
  eden space 102400K, 100% used [0xd1ac0000,0xd7ec0000,0xd7ec0000)
  from space 10752K, 67% used [0xd7ec0000,0xd85d7798,0xd8940000)
  to   space 10752K, 0% used [0xded40000,0xded40000,0xdf7c0000)
 ParOldGen       total 34304K, used 21378K [0xa7000000, 0xa9180000, 0xd1ac0000)
  object space 34304K, 62% used [0xa7000000,0xa84e08b8,0xa9180000)
 Metaspace       used 5059K, capacity 5102K, committed 5144K, reserved 5424K
Event: 3,345 GC heap after
Heap after GC invocations=8 (full 0):
 PSYoungGen      total 214272K, used 10725K [0xd1ac0000, 0xdfa40000, 0xe7000000)
  eden space 203520K, 0% used [0xd1ac0000,0xd1ac0000,0xde180000)
  from space 10752K, 99% used [0xded40000,0xdf7b9608,0xdf7c0000)
  to   space 12032K, 0% used [0xde180000,0xde180000,0xded40000)
 ParOldGen       total 34304K, used 24576K [0xa7000000, 0xa9180000, 0xd1ac0000)
  object space 34304K, 71% used [0xa7000000,0xa88001e8,0xa9180000)
 Metaspace       used 5059K, capacity 5102K, committed 5144K, reserved 5424K
}
Event: 4,008 GC heap before
{Heap before GC invocations=9 (full 0):
 PSYoungGen      total 214272K, used 214245K [0xd1ac0000, 0xdfa40000, 0xe7000000)
  eden space 203520K, 100% used [0xd1ac0000,0xde180000,0xde180000)
  from space 10752K, 99% used [0xded40000,0xdf7b9608,0xdf7c0000)
  to   space 12032K, 0% used [0xde180000,0xde180000,0xded40000)
 ParOldGen       total 34304K, used 24576K [0xa7000000, 0xa9180000, 0xd1ac0000)
  object space 34304K, 71% used [0xa7000000,0xa88001e8,0xa9180000)
 Metaspace       used 5063K, capacity 5102K, committed 5144K, reserved 5424K

