# JRE version: Java(TM) SE Runtime Environment (8.0_40-b26) (build 1.8.0_40-b26)
# Java VM: Java HotSpot(TM) Server VM (25.40-b25 mixed mode linux-x86 )
Heap:
 PSYoungGen      total 214784K, used 10742K [0xd1ac0000, 0xdf7c0000, 0xe7000000)
  eden space 204032K, 0% used [0xd1ac0000,0xd1ac0000,0xde200000)
  from space 10752K, 99% used [0xde200000,0xdec7da68,0xdec80000)
  to   space 9984K, 0% used [0xdec80000,0xdec80000,0xdf640000)
 ParOldGen       total 49920K, used 29248K [0xa7000000, 0xaa0c0000, 0xd1ac0000)
  object space 49920K, 58% used [0xa7000000,0xa8c90178,0xaa0c0000)
 Metaspace       used 5077K, capacity 5134K, committed 5272K, reserved 5424K
GC Heap History (10 events):
Event: 4,141 GC heap after
Heap after GC invocations=5 (full 0):
 PSYoungGen      total 53248K, used 2047K [0xd1ac0000, 0xd91c0000, 0xe7000000)
  eden space 51200K, 0% used [0xd1ac0000,0xd1ac0000,0xd4cc0000)
  from space 2048K, 99% used [0xd4cc0000,0xd4ebfe10,0xd4ec0000)
  to   space 9728K, 0% used [0xd8840000,0xd8840000,0xd91c0000)
 ParOldGen       total 34304K, used 17312K [0xa7000000, 0xa9180000, 0xd1ac0000)
  object space 34304K, 50% used [0xa7000000,0xa80e8218,0xa9180000)
 Metaspace       used 4993K, capacity 5036K, committed 5144K, reserved 5424K
}
Event: 4,324 GC heap before
{Heap before GC invocations=6 (full 0):
 PSYoungGen      total 53248K, used 53247K [0xd1ac0000, 0xd91c0000, 0xe7000000)
  eden space 51200K, 100% used [0xd1ac0000,0xd4cc0000,0xd4cc0000)
  from space 2048K, 99% used [0xd4cc0000,0xd4ebfe10,0xd4ec0000)
  to   space 9728K, 0% used [0xd8840000,0xd8840000,0xd91c0000)
 ParOldGen       total 34304K, used 17312K [0xa7000000, 0xa9180000, 0xd1ac0000)
  object space 34304K, 50% used [0xa7000000,0xa80e8218,0xa9180000)
 Metaspace       used 5051K, capacity 5102K, committed 5144K, reserved 5424K
Event: 4,347 GC heap after
Heap after GC invocations=6 (full 0):
 PSYoungGen      total 112128K, used 6660K [0xd1ac0000, 0xd91c0000, 0xe7000000)
  eden space 102400K, 0% used [0xd1ac0000,0xd1ac0000,0xd7ec0000)
  from space 9728K, 68% used [0xd8840000,0xd8ec1080,0xd91c0000)
  to   space 9728K, 0% used [0xd7ec0000,0xd7ec0000,0xd8840000)
 ParOldGen       total 34304K, used 17312K [0xa7000000, 0xa9180000, 0xd1ac0000)
  object space 34304K, 50% used [0xa7000000,0xa80e8218,0xa9180000)
 Metaspace       used 5051K, capacity 5102K, committed 5144K, reserved 5424K
}
Event: 4,801 GC heap before
{Heap before GC invocations=7 (full 0):
 PSYoungGen      total 112128K, used 109060K [0xd1ac0000, 0xd91c0000, 0xe7000000)
  eden space 102400K, 100% used [0xd1ac0000,0xd7ec0000,0xd7ec0000)
  from space 9728K, 68% used [0xd8840000,0xd8ec1080,0xd91c0000)
  to   space 9728K, 0% used [0xd7ec0000,0xd7ec0000,0xd8840000)
 ParOldGen       total 34304K, used 17312K [0xa7000000, 0xa9180000, 0xd1ac0000)
  object space 34304K, 50% used [0xa7000000,0xa80e8218,0xa9180000)
 Metaspace       used 5070K, capacity 5134K, committed 5272K, reserved 5424K
Event: 4,814 GC heap after
Heap after GC invocations=7 (full 0):
 PSYoungGen      total 112128K, used 7334K [0xd1ac0000, 0xdf640000, 0xe7000000)
  eden space 102400K, 0% used [0xd1ac0000,0xd1ac0000,0xd7ec0000)
  from space 9728K, 75% used [0xd7ec0000,0xd85e9b00,0xd8840000)
  to   space 9984K, 0% used [0xdec80000,0xdec80000,0xdf640000)
 ParOldGen       total 34304K, used 18856K [0xa7000000, 0xa9180000, 0xd1ac0000)
  object space 34304K, 54% used [0xa7000000,0xa826a230,0xa9180000)
 Metaspace       used 5070K, capacity 5134K, committed 5272K, reserved 5424K
}
Event: 5,094 GC heap before
{Heap before GC invocations=8 (full 0):
 PSYoungGen      total 112128K, used 109734K [0xd1ac0000, 0xdf640000, 0xe7000000)
  eden space 102400K, 100% used [0xd1ac0000,0xd7ec0000,0xd7ec0000)
  from space 9728K, 75% used [0xd7ec0000,0xd85e9b00,0xd8840000)
  to   space 9984K, 0% used [0xdec80000,0xdec80000,0xdf640000)
 ParOldGen       total 34304K, used 18856K [0xa7000000, 0xa9180000, 0xd1ac0000)
  object space 34304K, 54% used [0xa7000000,0xa826a230,0xa9180000)
 Metaspace       used 5072K, capacity 5134K, committed 5272K, reserved 5424K
Event: 5,128 GC heap after
Heap after GC invocations=8 (full 0):
 PSYoungGen      total 214016K, used 8833K [0xd1ac0000, 0xdf7c0000, 0xe7000000)
  eden space 204032K, 0% used [0xd1ac0000,0xd1ac0000,0xde200000)
  from space 9984K, 88% used [0xdec80000,0xdf5204b8,0xdf640000)
  to   space 10752K, 0% used [0xde200000,0xde200000,0xdec80000)
 ParOldGen       total 34304K, used 28734K [0xa7000000, 0xa9180000, 0xd1ac0000)
  object space 34304K, 83% used [0xa7000000,0xa8c0f9b0,0xa9180000)
 Metaspace       used 5072K, capacity 5134K, committed 5272K, reserved 5424K
}
Event: 5,128 GC heap before
{Heap before GC invocations=9 (full 1):
 PSYoungGen      total 214016K, used 8833K [0xd1ac0000, 0xdf7c0000, 0xe7000000)
  eden space 204032K, 0% used [0xd1ac0000,0xd1ac0000,0xde200000)
  from space 9984K, 88% used [0xdec80000,0xdf5204b8,0xdf640000)
  to   space 10752K, 0% used [0xde200000,0xde200000,0xdec80000)
 ParOldGen       total 34304K, used 28734K [0xa7000000, 0xa9180000, 0xd1ac0000)
  object space 34304K, 83% used [0xa7000000,0xa8c0f9b0,0xa9180000)
 Metaspace       used 5072K, capacity 5134K, committed 5272K, reserved 5424K
Event: 5,258 GC heap after
Heap after GC invocations=9 (full 1):
 PSYoungGen      total 214016K, used 0K [0xd1ac0000, 0xdf7c0000, 0xe7000000)
  eden space 204032K, 0% used [0xd1ac0000,0xd1ac0000,0xde200000)
  from space 9984K, 0% used [0xdec80000,0xdec80000,0xdf640000)
  to   space 10752K, 0% used [0xde200000,0xde200000,0xdec80000)
 ParOldGen       total 49920K, used 23813K [0xa7000000, 0xaa0c0000, 0xd1ac0000)
  object space 49920K, 47% used [0xa7000000,0xa87417b8,0xaa0c0000)
 Metaspace       used 5072K, capacity 5134K, committed 5272K, reserved 5424K
}
Event: 6,630 GC heap before
{Heap before GC invocations=10 (full 1):
 PSYoungGen      total 214016K, used 204032K [0xd1ac0000, 0xdf7c0000, 0xe7000000)
  eden space 204032K, 100% used [0xd1ac0000,0xde200000,0xde200000)
  from space 9984K, 0% used [0xdec80000,0xdec80000,0xdf640000)
  to   space 10752K, 0% used [0xde200000,0xde200000,0xdec80000)
 ParOldGen       total 49920K, used 23813K [0xa7000000, 0xaa0c0000, 0xd1ac0000)
  object space 49920K, 47% used [0xa7000000,0xa87417b8,0xaa0c0000)
 Metaspace       used 5077K, capacity 5134K, committed 5272K, reserved 5424K

