# JRE version: Java(TM) SE Runtime Environment (8.0_40-b26) (build 1.8.0_40-b26)
# Java VM: Java HotSpot(TM) Server VM (25.40-b25 mixed mode linux-x86 )
Heap:
 PSYoungGen      total 171264K, used 4201K [0xd1ac0000, 0xdcb80000, 0xe7000000)
  eden space 162304K, 0% used [0xd1ac0000,0xd1ac0000,0xdb940000)
  from space 8960K, 46% used [0xdb940000,0xdbd5a400,0xdc200000)
  to   space 8192K, 0% used [0xdc200000,0xdc200000,0xdca00000)
 ParOldGen       total 34304K, used 31460K [0xa7000000, 0xa9180000, 0xd1ac0000)
  object space 34304K, 91% used [0xa7000000,0xa8eb9090,0xa9180000)
 Metaspace       used 5083K, capacity 5134K, committed 5272K, reserved 5424K
GC Heap History (10 events):
Event: 3,437 GC heap after
Heap after GC invocations=6 (full 0):
 PSYoungGen      total 58368K, used 4757K [0xd1ac0000, 0xd5b40000, 0xe7000000)
  eden space 51200K, 0% used [0xd1ac0000,0xd1ac0000,0xd4cc0000)
  from space 7168K, 66% used [0xd5440000,0xd58e5630,0xd5b40000)
  to   space 7424K, 0% used [0xd4cc0000,0xd4cc0000,0xd5400000)
 ParOldGen       total 34304K, used 14174K [0xa7000000, 0xa9180000, 0xd1ac0000)
  object space 34304K, 41% used [0xa7000000,0xa7dd7868,0xa9180000)
 Metaspace       used 5004K, capacity 5068K, committed 5144K, reserved 5424K
}
Event: 3,630 GC heap before
{Heap before GC invocations=7 (full 0):
 PSYoungGen      total 58368K, used 55957K [0xd1ac0000, 0xd5b40000, 0xe7000000)
  eden space 51200K, 100% used [0xd1ac0000,0xd4cc0000,0xd4cc0000)
  from space 7168K, 66% used [0xd5440000,0xd58e5630,0xd5b40000)
  to   space 7424K, 0% used [0xd4cc0000,0xd4cc0000,0xd5400000)
 ParOldGen       total 34304K, used 14174K [0xa7000000, 0xa9180000, 0xd1ac0000)
  object space 34304K, 41% used [0xa7000000,0xa7dd7868,0xa9180000)
 Metaspace       used 5067K, capacity 5102K, committed 5144K, reserved 5424K
Event: 3,642 GC heap after
Heap after GC invocations=7 (full 0):
 PSYoungGen      total 58624K, used 4247K [0xd1ac0000, 0xd8cc0000, 0xe7000000)
  eden space 51200K, 0% used [0xd1ac0000,0xd1ac0000,0xd4cc0000)
  from space 7424K, 57% used [0xd4cc0000,0xd50e5c70,0xd5400000)
  to   space 7168K, 0% used [0xd85c0000,0xd85c0000,0xd8cc0000)
 ParOldGen       total 34304K, used 15454K [0xa7000000, 0xa9180000, 0xd1ac0000)
  object space 34304K, 45% used [0xa7000000,0xa7f178e8,0xa9180000)
 Metaspace       used 5067K, capacity 5102K, committed 5144K, reserved 5424K
}
Event: 3,779 GC heap before
{Heap before GC invocations=8 (full 0):
 PSYoungGen      total 58624K, used 55447K [0xd1ac0000, 0xd8cc0000, 0xe7000000)
  eden space 51200K, 100% used [0xd1ac0000,0xd4cc0000,0xd4cc0000)
  from space 7424K, 57% used [0xd4cc0000,0xd50e5c70,0xd5400000)
  to   space 7168K, 0% used [0xd85c0000,0xd85c0000,0xd8cc0000)
 ParOldGen       total 34304K, used 15454K [0xa7000000, 0xa9180000, 0xd1ac0000)
  object space 34304K, 45% used [0xa7000000,0xa7f178e8,0xa9180000)
 Metaspace       used 5073K, capacity 5134K, committed 5272K, reserved 5424K
Event: 3,792 GC heap after
Heap after GC invocations=8 (full 0):
 PSYoungGen      total 109056K, used 6891K [0xd1ac0000, 0xd8dc0000, 0xe7000000)
  eden space 101888K, 0% used [0xd1ac0000,0xd1ac0000,0xd7e40000)
  from space 7168K, 96% used [0xd85c0000,0xd8c7afd0,0xd8cc0000)
  to   space 7680K, 0% used [0xd7e40000,0xd7e40000,0xd85c0000)
 ParOldGen       total 34304K, used 15953K [0xa7000000, 0xa9180000, 0xd1ac0000)
  object space 34304K, 46% used [0xa7000000,0xa7f94718,0xa9180000)
 Metaspace       used 5073K, capacity 5134K, committed 5272K, reserved 5424K
}
Event: 4,191 GC heap before
{Heap before GC invocations=9 (full 0):
 PSYoungGen      total 109056K, used 108779K [0xd1ac0000, 0xd8dc0000, 0xe7000000)
  eden space 101888K, 100% used [0xd1ac0000,0xd7e40000,0xd7e40000)
  from space 7168K, 96% used [0xd85c0000,0xd8c7afd0,0xd8cc0000)
  to   space 7680K, 0% used [0xd7e40000,0xd7e40000,0xd85c0000)
 ParOldGen       total 34304K, used 15953K [0xa7000000, 0xa9180000, 0xd1ac0000)
  object space 34304K, 46% used [0xa7000000,0xa7f94718,0xa9180000)
 Metaspace       used 5076K, capacity 5134K, committed 5272K, reserved 5424K
Event: 4,205 GC heap after
Heap after GC invocations=9 (full 0):
 PSYoungGen      total 109568K, used 6842K [0xd1ac0000, 0xdca00000, 0xe7000000)
  eden space 101888K, 0% used [0xd1ac0000,0xd1ac0000,0xd7e40000)
  from space 7680K, 89% used [0xd7e40000,0xd84ee848,0xd85c0000)
  to   space 8192K, 0% used [0xdc200000,0xdc200000,0xdca00000)
 ParOldGen       total 34304K, used 21059K [0xa7000000, 0xa9180000, 0xd1ac0000)
  object space 34304K, 61% used [0xa7000000,0xa8490d10,0xa9180000)
 Metaspace       used 5076K, capacity 5134K, committed 5272K, reserved 5424K
}
Event: 4,519 GC heap before
{Heap before GC invocations=10 (full 0):
 PSYoungGen      total 109568K, used 108730K [0xd1ac0000, 0xdca00000, 0xe7000000)
  eden space 101888K, 100% used [0xd1ac0000,0xd7e40000,0xd7e40000)
  from space 7680K, 89% used [0xd7e40000,0xd84ee848,0xd85c0000)
  to   space 8192K, 0% used [0xdc200000,0xdc200000,0xdca00000)
 ParOldGen       total 34304K, used 21059K [0xa7000000, 0xa9180000, 0xd1ac0000)
  object space 34304K, 61% used [0xa7000000,0xa8490d10,0xa9180000)
 Metaspace       used 5078K, capacity 5134K, committed 5272K, reserved 5424K
Event: 4,527 GC heap after
Heap after GC invocations=10 (full 0):
 PSYoungGen      total 170496K, used 8191K [0xd1ac0000, 0xdcb80000, 0xe7000000)
  eden space 162304K, 0% used [0xd1ac0000,0xd1ac0000,0xdb940000)
  from space 8192K, 99% used [0xdc200000,0xdc9fff48,0xdca00000)
  to   space 8960K, 0% used [0xdb940000,0xdb940000,0xdc200000)
 ParOldGen       total 34304K, used 21071K [0xa7000000, 0xa9180000, 0xd1ac0000)
  object space 34304K, 61% used [0xa7000000,0xa8493d10,0xa9180000)
 Metaspace       used 5078K, capacity 5134K, committed 5272K, reserved 5424K
}
Event: 4,967 GC heap before
{Heap before GC invocations=11 (full 0):
 PSYoungGen      total 170496K, used 170495K [0xd1ac0000, 0xdcb80000, 0xe7000000)
  eden space 162304K, 100% used [0xd1ac0000,0xdb940000,0xdb940000)
  from space 8192K, 99% used [0xdc200000,0xdc9fff48,0xdca00000)
  to   space 8960K, 0% used [0xdb940000,0xdb940000,0xdc200000)
 ParOldGen       total 34304K, used 21071K [0xa7000000, 0xa9180000, 0xd1ac0000)
  object space 34304K, 61% used [0xa7000000,0xa8493d10,0xa9180000)
 Metaspace       used 5083K, capacity 5134K, committed 5272K, reserved 5424K

