# JRE version: Java(TM) SE Runtime Environment (8.0_40-b26) (build 1.8.0_40-b26)
# Java VM: Java HotSpot(TM) Server VM (25.40-b25 mixed mode linux-x86 )
Heap:
 PSYoungGen      total 169216K, used 8445K [0xd1ac0000, 0xdc900000, 0xe7000000)
  eden space 160512K, 0% used [0xd1ac0000,0xd1ac0000,0xdb780000)
  from space 8704K, 97% used [0xdb780000,0xdbfbf438,0xdc000000)
  to   space 8192K, 0% used [0xdc000000,0xdc000000,0xdc800000)
 ParOldGen       total 42240K, used 22431K [0xa7000000, 0xa9940000, 0xd1ac0000)
  object space 42240K, 53% used [0xa7000000,0xa85e7f98,0xa9940000)
 Metaspace       used 5049K, capacity 5132K, committed 5272K, reserved 5424K
GC Heap History (10 events):
Event: 2,885 GC heap after
Heap after GC invocations=7 (full 0):
 PSYoungGen      total 57600K, used 3693K [0xd1ac0000, 0xd8b40000, 0xe7000000)
  eden space 51200K, 0% used [0xd1ac0000,0xd1ac0000,0xd4cc0000)
  from space 6400K, 57% used [0xd4cc0000,0xd505b4e8,0xd5300000)
  to   space 6400K, 0% used [0xd8500000,0xd8500000,0xd8b40000)
 ParOldGen       total 34304K, used 14527K [0xa7000000, 0xa9180000, 0xd1ac0000)
  object space 34304K, 42% used [0xa7000000,0xa7e2ff28,0xa9180000)
 Metaspace       used 5022K, capacity 5068K, committed 5144K, reserved 5424K
}
Event: 3,042 GC heap before
{Heap before GC invocations=8 (full 0):
 PSYoungGen      total 57600K, used 54893K [0xd1ac0000, 0xd8b40000, 0xe7000000)
  eden space 51200K, 100% used [0xd1ac0000,0xd4cc0000,0xd4cc0000)
  from space 6400K, 57% used [0xd4cc0000,0xd505b4e8,0xd5300000)
  to   space 6400K, 0% used [0xd8500000,0xd8500000,0xd8b40000)
 ParOldGen       total 34304K, used 14527K [0xa7000000, 0xa9180000, 0xd1ac0000)
  object space 34304K, 42% used [0xa7000000,0xa7e2ff28,0xa9180000)
 Metaspace       used 5042K, capacity 5068K, committed 5144K, reserved 5424K
Event: 3,059 GC heap after
Heap after GC invocations=8 (full 0):
 PSYoungGen      total 107008K, used 6387K [0xd1ac0000, 0xd8ec0000, 0xe7000000)
  eden space 100608K, 0% used [0xd1ac0000,0xd1ac0000,0xd7d00000)
  from space 6400K, 99% used [0xd8500000,0xd8b3cde0,0xd8b40000)
  to   space 8192K, 0% used [0xd7d00000,0xd7d00000,0xd8500000)
 ParOldGen       total 34304K, used 17249K [0xa7000000, 0xa9180000, 0xd1ac0000)
  object space 34304K, 50% used [0xa7000000,0xa80d8470,0xa9180000)
 Metaspace       used 5042K, capacity 5068K, committed 5144K, reserved 5424K
}
Event: 3,381 GC heap before
{Heap before GC invocations=9 (full 0):
 PSYoungGen      total 107008K, used 103705K [0xd1ac0000, 0xd8ec0000, 0xe7000000)
  eden space 100608K, 96% used [0xd1ac0000,0xd79c96a0,0xd7d00000)
  from space 6400K, 99% used [0xd8500000,0xd8b3cde0,0xd8b40000)
  to   space 8192K, 0% used [0xd7d00000,0xd7d00000,0xd8500000)
 ParOldGen       total 34304K, used 17249K [0xa7000000, 0xa9180000, 0xd1ac0000)
  object space 34304K, 50% used [0xa7000000,0xa80d8470,0xa9180000)
 Metaspace       used 5042K, capacity 5068K, committed 5144K, reserved 5424K
Event: 3,400 GC heap after
Heap after GC invocations=9 (full 0):
 PSYoungGen      total 108800K, used 5604K [0xd1ac0000, 0xdc800000, 0xe7000000)
  eden space 100608K, 0% used [0xd1ac0000,0xd1ac0000,0xd7d00000)
  from space 8192K, 68% used [0xd7d00000,0xd82792b0,0xd8500000)
  to   space 8192K, 0% used [0xdc000000,0xdc000000,0xdc800000)
 ParOldGen       total 34304K, used 23900K [0xa7000000, 0xa9180000, 0xd1ac0000)
  object space 34304K, 69% used [0xa7000000,0xa8757220,0xa9180000)
 Metaspace       used 5042K, capacity 5068K, committed 5144K, reserved 5424K
}
Event: 3,789 GC heap before
{Heap before GC invocations=10 (full 0):
 PSYoungGen      total 108800K, used 106212K [0xd1ac0000, 0xdc800000, 0xe7000000)
  eden space 100608K, 100% used [0xd1ac0000,0xd7d00000,0xd7d00000)
  from space 8192K, 68% used [0xd7d00000,0xd82792b0,0xd8500000)
  to   space 8192K, 0% used [0xdc000000,0xdc000000,0xdc800000)
 ParOldGen       total 34304K, used 23900K [0xa7000000, 0xa9180000, 0xd1ac0000)
  object space 34304K, 69% used [0xa7000000,0xa8757220,0xa9180000)
 Metaspace       used 5045K, capacity 5100K, committed 5144K, reserved 5424K
Event: 3,808 GC heap after
Heap after GC invocations=10 (full 0):
 PSYoungGen      total 168704K, used 7689K [0xd1ac0000, 0xdc900000, 0xe7000000)
  eden space 160512K, 0% used [0xd1ac0000,0xd1ac0000,0xdb780000)
  from space 8192K, 93% used [0xdc000000,0xdc7825f8,0xdc800000)
  to   space 8704K, 0% used [0xdb780000,0xdb780000,0xdc000000)
 ParOldGen       total 34304K, used 31099K [0xa7000000, 0xa9180000, 0xd1ac0000)
  object space 34304K, 90% used [0xa7000000,0xa8e5ec18,0xa9180000)
 Metaspace       used 5045K, capacity 5100K, committed 5144K, reserved 5424K
}
Event: 3,808 GC heap before
{Heap before GC invocations=11 (full 1):
 PSYoungGen      total 168704K, used 7689K [0xd1ac0000, 0xdc900000, 0xe7000000)
  eden space 160512K, 0% used [0xd1ac0000,0xd1ac0000,0xdb780000)
  from space 8192K, 93% used [0xdc000000,0xdc7825f8,0xdc800000)
  to   space 8704K, 0% used [0xdb780000,0xdb780000,0xdc000000)
 ParOldGen       total 34304K, used 31099K [0xa7000000, 0xa9180000, 0xd1ac0000)
  object space 34304K, 90% used [0xa7000000,0xa8e5ec18,0xa9180000)
 Metaspace       used 5045K, capacity 5100K, committed 5144K, reserved 5424K
Event: 3,905 GC heap after
Heap after GC invocations=11 (full 1):
 PSYoungGen      total 168704K, used 0K [0xd1ac0000, 0xdc900000, 0xe7000000)
  eden space 160512K, 0% used [0xd1ac0000,0xd1ac0000,0xdb780000)
  from space 8192K, 0% used [0xdc000000,0xdc000000,0xdc800000)
  to   space 8704K, 0% used [0xdb780000,0xdb780000,0xdc000000)
 ParOldGen       total 42240K, used 18568K [0xa7000000, 0xa9940000, 0xd1ac0000)
  object space 42240K, 43% used [0xa7000000,0xa82222c0,0xa9940000)
 Metaspace       used 5045K, capacity 5100K, committed 5144K, reserved 5424K
}
Event: 4,382 GC heap before
{Heap before GC invocations=12 (full 1):
 PSYoungGen      total 168704K, used 160091K [0xd1ac0000, 0xdc900000, 0xe7000000)
  eden space 160512K, 99% used [0xd1ac0000,0xdb716ee0,0xdb780000)
  from space 8192K, 0% used [0xdc000000,0xdc000000,0xdc800000)
  to   space 8704K, 0% used [0xdb780000,0xdb780000,0xdc000000)
 ParOldGen       total 42240K, used 18568K [0xa7000000, 0xa9940000, 0xd1ac0000)
  object space 42240K, 43% used [0xa7000000,0xa82222c0,0xa9940000)
 Metaspace       used 5049K, capacity 5132K, committed 5272K, reserved 5424K

