# JRE version: Java(TM) SE Runtime Environment (8.0_40-b26) (build 1.8.0_40-b26)
# Java VM: Java HotSpot(TM) Server VM (25.40-b25 mixed mode linux-x86 )
Heap:
 PSYoungGen      total 215552K, used 10998K [0xd1ac0000, 0xdfac0000, 0xe7000000)
  eden space 203264K, 0% used [0xd1ac0000,0xd1ac0000,0xde140000)
  from space 12288K, 89% used [0xde140000,0xdebfda68,0xded40000)
  to   space 10752K, 0% used [0xded40000,0xded40000,0xdf7c0000)
 ParOldGen       total 34304K, used 24399K [0xa7000000, 0xa9180000, 0xd1ac0000)
  object space 34304K, 71% used [0xa7000000,0xa87d3f10,0xa9180000)
 Metaspace       used 5035K, capacity 5102K, committed 5144K, reserved 5424K
GC Heap History (10 events):
Event: 3,057 GC heap after
Heap after GC invocations=4 (full 0):
 PSYoungGen      total 53248K, used 2033K [0xd1ac0000, 0xd50c0000, 0xe7000000)
  eden space 51200K, 0% used [0xd1ac0000,0xd1ac0000,0xd4cc0000)
  from space 2048K, 99% used [0xd4ec0000,0xd50bc418,0xd50c0000)
  to   space 2048K, 0% used [0xd4cc0000,0xd4cc0000,0xd4ec0000)
 ParOldGen       total 34304K, used 12515K [0xa7000000, 0xa9180000, 0xd1ac0000)
  object space 34304K, 36% used [0xa7000000,0xa7c38dc0,0xa9180000)
 Metaspace       used 4938K, capacity 4972K, committed 5016K, reserved 5424K
}
Event: 3,359 GC heap before
{Heap before GC invocations=5 (full 0):
 PSYoungGen      total 53248K, used 53233K [0xd1ac0000, 0xd50c0000, 0xe7000000)
  eden space 51200K, 100% used [0xd1ac0000,0xd4cc0000,0xd4cc0000)
  from space 2048K, 99% used [0xd4ec0000,0xd50bc418,0xd50c0000)
  to   space 2048K, 0% used [0xd4cc0000,0xd4cc0000,0xd4ec0000)
 ParOldGen       total 34304K, used 12515K [0xa7000000, 0xa9180000, 0xd1ac0000)
  object space 34304K, 36% used [0xa7000000,0xa7c38dc0,0xa9180000)
 Metaspace       used 4967K, capacity 5036K, committed 5144K, reserved 5424K
Event: 3,387 GC heap after
Heap after GC invocations=5 (full 0):
 PSYoungGen      total 53248K, used 2033K [0xd1ac0000, 0xd94c0000, 0xe7000000)
  eden space 51200K, 0% used [0xd1ac0000,0xd1ac0000,0xd4cc0000)
  from space 2048K, 99% used [0xd4cc0000,0xd4ebc418,0xd4ec0000)
  to   space 11264K, 0% used [0xd89c0000,0xd89c0000,0xd94c0000)
 ParOldGen       total 34304K, used 19582K [0xa7000000, 0xa9180000, 0xd1ac0000)
  object space 34304K, 57% used [0xa7000000,0xa831f928,0xa9180000)
 Metaspace       used 4967K, capacity 5036K, committed 5144K, reserved 5424K
}
Event: 3,583 GC heap before
{Heap before GC invocations=6 (full 0):
 PSYoungGen      total 53248K, used 53233K [0xd1ac0000, 0xd94c0000, 0xe7000000)
  eden space 51200K, 100% used [0xd1ac0000,0xd4cc0000,0xd4cc0000)
  from space 2048K, 99% used [0xd4cc0000,0xd4ebc418,0xd4ec0000)
  to   space 11264K, 0% used [0xd89c0000,0xd89c0000,0xd94c0000)
 ParOldGen       total 34304K, used 19582K [0xa7000000, 0xa9180000, 0xd1ac0000)
  object space 34304K, 57% used [0xa7000000,0xa831f928,0xa9180000)
 Metaspace       used 5022K, capacity 5102K, committed 5144K, reserved 5424K
Event: 3,596 GC heap after
Heap after GC invocations=6 (full 0):
 PSYoungGen      total 112640K, used 6621K [0xd1ac0000, 0xd93c0000, 0xe7000000)
  eden space 102400K, 0% used [0xd1ac0000,0xd1ac0000,0xd7ec0000)
  from space 10240K, 64% used [0xd89c0000,0xd9037698,0xd93c0000)
  to   space 10752K, 0% used [0xd7ec0000,0xd7ec0000,0xd8940000)
 ParOldGen       total 34304K, used 19582K [0xa7000000, 0xa9180000, 0xd1ac0000)
  object space 34304K, 57% used [0xa7000000,0xa831f928,0xa9180000)
 Metaspace       used 5022K, capacity 5102K, committed 5144K, reserved 5424K
}
Event: 3,936 GC heap before
{Heap before GC invocations=7 (full 0):
 PSYoungGen      total 112640K, used 109021K [0xd1ac0000, 0xd93c0000, 0xe7000000)
  eden space 102400K, 100% used [0xd1ac0000,0xd7ec0000,0xd7ec0000)
  from space 10240K, 64% used [0xd89c0000,0xd9037698,0xd93c0000)
  to   space 10752K, 0% used [0xd7ec0000,0xd7ec0000,0xd8940000)
 ParOldGen       total 34304K, used 19582K [0xa7000000, 0xa9180000, 0xd1ac0000)
  object space 34304K, 57% used [0xa7000000,0xa831f928,0xa9180000)
 Metaspace       used 5027K, capacity 5102K, committed 5144K, reserved 5424K
Event: 3,960 GC heap after
Heap after GC invocations=7 (full 0):
 PSYoungGen      total 113152K, used 7310K [0xd1ac0000, 0xdf7c0000, 0xe7000000)
  eden space 102400K, 0% used [0xd1ac0000,0xd1ac0000,0xd7ec0000)
  from space 10752K, 67% used [0xd7ec0000,0xd85e3ba0,0xd8940000)
  to   space 10752K, 0% used [0xded40000,0xded40000,0xdf7c0000)
 ParOldGen       total 34304K, used 21114K [0xa7000000, 0xa9180000, 0xd1ac0000)
  object space 34304K, 61% used [0xa7000000,0xa849e858,0xa9180000)
 Metaspace       used 5027K, capacity 5102K, committed 5144K, reserved 5424K
}
Event: 4,247 GC heap before
{Heap before GC invocations=8 (full 0):
 PSYoungGen      total 113152K, used 109710K [0xd1ac0000, 0xdf7c0000, 0xe7000000)
  eden space 102400K, 100% used [0xd1ac0000,0xd7ec0000,0xd7ec0000)
  from space 10752K, 67% used [0xd7ec0000,0xd85e3ba0,0xd8940000)
  to   space 10752K, 0% used [0xded40000,0xded40000,0xdf7c0000)
 ParOldGen       total 34304K, used 21114K [0xa7000000, 0xa9180000, 0xd1ac0000)
  object space 34304K, 61% used [0xa7000000,0xa849e858,0xa9180000)
 Metaspace       used 5033K, capacity 5102K, committed 5144K, reserved 5424K
Event: 4,260 GC heap after
Heap after GC invocations=8 (full 0):
 PSYoungGen      total 214016K, used 10734K [0xd1ac0000, 0xdfac0000, 0xe7000000)
  eden space 203264K, 0% used [0xd1ac0000,0xd1ac0000,0xde140000)
  from space 10752K, 99% used [0xded40000,0xdf7bbbf8,0xdf7c0000)
  to   space 12288K, 0% used [0xde140000,0xde140000,0xded40000)
 ParOldGen       total 34304K, used 24373K [0xa7000000, 0xa9180000, 0xd1ac0000)
  object space 34304K, 71% used [0xa7000000,0xa87cd700,0xa9180000)
 Metaspace       used 5033K, capacity 5102K, committed 5144K, reserved 5424K
}
Event: 4,853 GC heap before
{Heap before GC invocations=9 (full 0):
 PSYoungGen      total 214016K, used 213998K [0xd1ac0000, 0xdfac0000, 0xe7000000)
  eden space 203264K, 100% used [0xd1ac0000,0xde140000,0xde140000)
  from space 10752K, 99% used [0xded40000,0xdf7bbbf8,0xdf7c0000)
  to   space 12288K, 0% used [0xde140000,0xde140000,0xded40000)
 ParOldGen       total 34304K, used 24373K [0xa7000000, 0xa9180000, 0xd1ac0000)
  object space 34304K, 71% used [0xa7000000,0xa87cd700,0xa9180000)
 Metaspace       used 5035K, capacity 5102K, committed 5144K, reserved 5424K

