# JRE version: Java(TM) SE Runtime Environment (8.0_40-b26) (build 1.8.0_40-b26)
# Java VM: Java HotSpot(TM) Server VM (25.40-b25 mixed mode linux-x86 )
Heap:
 PSYoungGen      total 111360K, used 9027K [0xd1ac0000, 0xd91c0000, 0xe7000000)
  eden space 101632K, 0% used [0xd1ac0000,0xd1ac0000,0xd7e00000)
  from space 9728K, 92% used [0xd7e00000,0xd86d0fb8,0xd8780000)
  to   space 8960K, 0% used [0xd8780000,0xd8780000,0xd9040000)
 ParOldGen       total 34304K, used 16685K [0xa7000000, 0xa9180000, 0xd1ac0000)
  object space 34304K, 48% used [0xa7000000,0xa804b4c8,0xa9180000)
 Metaspace       used 5074K, capacity 5134K, committed 5272K, reserved 5424K
GC Heap History (10 events):
Event: 1,295 GC heap after
Heap after GC invocations=2 (full 0):
 PSYoungGen      total 27648K, used 2041K [0xd1ac0000, 0xd37c0000, 0xe7000000)
  eden space 25600K, 0% used [0xd1ac0000,0xd1ac0000,0xd33c0000)
  from space 2048K, 99% used [0xd35c0000,0xd37be668,0xd37c0000)
  to   space 2048K, 0% used [0xd33c0000,0xd33c0000,0xd35c0000)
 ParOldGen       total 34304K, used 4426K [0xa7000000, 0xa9180000, 0xd1ac0000)
  object space 34304K, 12% used [0xa7000000,0xa74529d0,0xa9180000)
 Metaspace       used 3607K, capacity 3742K, committed 3864K, reserved 4400K
}
Event: 2,019 GC heap before
{Heap before GC invocations=3 (full 0):
 PSYoungGen      total 27648K, used 27641K [0xd1ac0000, 0xd37c0000, 0xe7000000)
  eden space 25600K, 100% used [0xd1ac0000,0xd33c0000,0xd33c0000)
  from space 2048K, 99% used [0xd35c0000,0xd37be668,0xd37c0000)
  to   space 2048K, 0% used [0xd33c0000,0xd33c0000,0xd35c0000)
 ParOldGen       total 34304K, used 4426K [0xa7000000, 0xa9180000, 0xd1ac0000)
  object space 34304K, 12% used [0xa7000000,0xa74529d0,0xa9180000)
 Metaspace       used 4315K, capacity 4358K, committed 4376K, reserved 4400K
Event: 2,040 GC heap after
Heap after GC invocations=3 (full 0):
 PSYoungGen      total 27648K, used 2047K [0xd1ac0000, 0xd50c0000, 0xe7000000)
  eden space 25600K, 0% used [0xd1ac0000,0xd1ac0000,0xd33c0000)
  from space 2048K, 99% used [0xd33c0000,0xd35bfda8,0xd35c0000)
  to   space 2048K, 0% used [0xd4ec0000,0xd4ec0000,0xd50c0000)
 ParOldGen       total 34304K, used 11374K [0xa7000000, 0xa9180000, 0xd1ac0000)
  object space 34304K, 33% used [0xa7000000,0xa7b1bb18,0xa9180000)
 Metaspace       used 4315K, capacity 4358K, committed 4376K, reserved 4400K
}
Event: 2,422 GC heap before
{Heap before GC invocations=4 (full 0):
 PSYoungGen      total 27648K, used 27647K [0xd1ac0000, 0xd50c0000, 0xe7000000)
  eden space 25600K, 100% used [0xd1ac0000,0xd33c0000,0xd33c0000)
  from space 2048K, 99% used [0xd33c0000,0xd35bfda8,0xd35c0000)
  to   space 2048K, 0% used [0xd4ec0000,0xd4ec0000,0xd50c0000)
 ParOldGen       total 34304K, used 11374K [0xa7000000, 0xa9180000, 0xd1ac0000)
  object space 34304K, 33% used [0xa7000000,0xa7b1bb18,0xa9180000)
 Metaspace       used 4987K, capacity 5036K, committed 5144K, reserved 5424K
Event: 2,438 GC heap after
Heap after GC invocations=4 (full 0):
 PSYoungGen      total 53248K, used 2046K [0xd1ac0000, 0xd50c0000, 0xe7000000)
  eden space 51200K, 0% used [0xd1ac0000,0xd1ac0000,0xd4cc0000)
  from space 2048K, 99% used [0xd4ec0000,0xd50bf968,0xd50c0000)
  to   space 2048K, 0% used [0xd4cc0000,0xd4cc0000,0xd4ec0000)
 ParOldGen       total 34304K, used 13043K [0xa7000000, 0xa9180000, 0xd1ac0000)
  object space 34304K, 38% used [0xa7000000,0xa7cbcc80,0xa9180000)
 Metaspace       used 4987K, capacity 5036K, committed 5144K, reserved 5424K
}
Event: 2,691 GC heap before
{Heap before GC invocations=5 (full 0):
 PSYoungGen      total 53248K, used 53246K [0xd1ac0000, 0xd50c0000, 0xe7000000)
  eden space 51200K, 100% used [0xd1ac0000,0xd4cc0000,0xd4cc0000)
  from space 2048K, 99% used [0xd4ec0000,0xd50bf968,0xd50c0000)
  to   space 2048K, 0% used [0xd4cc0000,0xd4cc0000,0xd4ec0000)
 ParOldGen       total 34304K, used 13043K [0xa7000000, 0xa9180000, 0xd1ac0000)
  object space 34304K, 38% used [0xa7000000,0xa7cbcc80,0xa9180000)
 Metaspace       used 5011K, capacity 5068K, committed 5144K, reserved 5424K
Event: 2,702 GC heap after
Heap after GC invocations=5 (full 0):
 PSYoungGen      total 53248K, used 2044K [0xd1ac0000, 0xd9040000, 0xe7000000)
  eden space 51200K, 0% used [0xd1ac0000,0xd1ac0000,0xd4cc0000)
  from space 2048K, 99% used [0xd4cc0000,0xd4ebf188,0xd4ec0000)
  to   space 8960K, 0% used [0xd8780000,0xd8780000,0xd9040000)
 ParOldGen       total 34304K, used 15358K [0xa7000000, 0xa9180000, 0xd1ac0000)
  object space 34304K, 44% used [0xa7000000,0xa7eff8b8,0xa9180000)
 Metaspace       used 5011K, capacity 5068K, committed 5144K, reserved 5424K
}
Event: 2,863 GC heap before
{Heap before GC invocations=6 (full 0):
 PSYoungGen      total 53248K, used 53244K [0xd1ac0000, 0xd9040000, 0xe7000000)
  eden space 51200K, 100% used [0xd1ac0000,0xd4cc0000,0xd4cc0000)
  from space 2048K, 99% used [0xd4cc0000,0xd4ebf188,0xd4ec0000)
  to   space 8960K, 0% used [0xd8780000,0xd8780000,0xd9040000)
 ParOldGen       total 34304K, used 15358K [0xa7000000, 0xa9180000, 0xd1ac0000)
  object space 34304K, 44% used [0xa7000000,0xa7eff8b8,0xa9180000)
 Metaspace       used 5068K, capacity 5134K, committed 5272K, reserved 5424K
Event: 2,887 GC heap after
Heap after GC invocations=6 (full 0):
 PSYoungGen      total 110592K, used 7851K [0xd1ac0000, 0xd91c0000, 0xe7000000)
  eden space 101632K, 0% used [0xd1ac0000,0xd1ac0000,0xd7e00000)
  from space 8960K, 87% used [0xd8780000,0xd8f2ae98,0xd9040000)
  to   space 9728K, 0% used [0xd7e00000,0xd7e00000,0xd8780000)
 ParOldGen       total 34304K, used 15358K [0xa7000000, 0xa9180000, 0xd1ac0000)
  object space 34304K, 44% used [0xa7000000,0xa7eff8b8,0xa9180000)
 Metaspace       used 5068K, capacity 5134K, committed 5272K, reserved 5424K
}
Event: 3,292 GC heap before
{Heap before GC invocations=7 (full 0):
 PSYoungGen      total 110592K, used 109483K [0xd1ac0000, 0xd91c0000, 0xe7000000)
  eden space 101632K, 100% used [0xd1ac0000,0xd7e00000,0xd7e00000)
  from space 8960K, 87% used [0xd8780000,0xd8f2ae98,0xd9040000)
  to   space 9728K, 0% used [0xd7e00000,0xd7e00000,0xd8780000)
 ParOldGen       total 34304K, used 15358K [0xa7000000, 0xa9180000, 0xd1ac0000)
  object space 34304K, 44% used [0xa7000000,0xa7eff8b8,0xa9180000)
 Metaspace       used 5074K, capacity 5134K, committed 5272K, reserved 5424K

